<?xml version="1.0" encoding="utf-8"?><testsuites name="pytest tests"><testsuite name="pytest" errors="0" failures="0" skipped="0" tests="11" time="9.673" timestamp="2026-09-18T15:10:38.490965+00:00" hostname="agent-env-c0d8cf10-2737-42b4-81e4-253428da8950"><testcase classname="tests.test_ne_logix_api" name="test_root" time="0.246" /><testcase classname="tests.test_ne_logix_api" name="test_overview_contract" time="0.149" /><testcase classname="tests.test_ne_logix_api" name="test_overview_calibration_is_real_xgb" time="0.129" /><testcase classname="tests.test_ne_logix_api" name="test_overview_routes_have_calibrated_risk" time="0.177" /><testcase classname="tests.test_ne_logix_api" name="test_field_report_spikes_risk_and_reroutes_vehicle" time="0.457" /><testcase classname="tests.test_ne_logix_api" name="test_meghalaya_high_severity_report_calibrated_risk_not_lower" time="0.414" /><testcase classname="tests.test_ne_logix_api" name="test_switch_route_valid_and_invalid" time="0.772" /><testcase classname="tests.test_ne_logix_api" name="test_report_without_image_no_cnn" time="0.142" /><testcase classname="tests.test_ne_logix_api" name="test_report_with_image_runs_cnn" time="1.517" /><testcase classname="tests.test_ne_logix_api" name="test_cnn_never_downgrades_severity" time="0.605" /><testcase classname="tests.test_ne_logix_api" name="test_cnn_upgrade_when_reporter_low_and_cnn_high" time="4.089" /></testsuite></testsuites>